2024-01-22 22:04:33 error: uncaughtException: Missing or invalid input: 'options.apis' is required and it should be an array.
Error: Missing or invalid input: 'options.apis' is required and it should be an array.
    at module.exports (D:\project\jubo\node_modules\swagger-jsdoc\src\lib.js:27:11)
    at App.initializeSwagger (D:\project\jubo\apps\backend\src\app.ts:76:31)
    at new App (D:\project\jubo\apps\backend\src\app.ts:29:10)
    at Object.<anonymous> (D:\project\jubo\apps\backend\src\server.ts:9:13)
    at Module._compile (node:internal/modules/cjs/loader:1198:14)
    at Module.m._compile (D:\project\jubo\node_modules\ts-node\src\index.ts:1618:23)
    at Module._extensions..js (node:internal/modules/cjs/loader:1252:10)
    at Object.require.extensions.<computed> [as .ts] (D:\project\jubo\node_modules\ts-node\src\index.ts:1621:12)
    at Module.load (node:internal/modules/cjs/loader:1076:32)
    at Function.Module._load (node:internal/modules/cjs/loader:911:12)
2024-01-22 22:06:02 error: uncaughtException: Missing or invalid input: 'options.apis' is required and it should be an array.
Error: Missing or invalid input: 'options.apis' is required and it should be an array.
    at module.exports (D:\project\jubo\node_modules\swagger-jsdoc\src\lib.js:27:11)
    at App.initializeSwagger (D:\project\jubo\apps\backend\src\app.ts:76:31)
    at new App (D:\project\jubo\apps\backend\src\app.ts:29:10)
    at Object.<anonymous> (D:\project\jubo\apps\backend\src\server.ts:9:13)
    at Module._compile (node:internal/modules/cjs/loader:1198:14)
    at Module.m._compile (D:\project\jubo\node_modules\ts-node\src\index.ts:1618:23)
    at Module._extensions..js (node:internal/modules/cjs/loader:1252:10)
    at Object.require.extensions.<computed> [as .ts] (D:\project\jubo\node_modules\ts-node\src\index.ts:1621:12)
    at Module.load (node:internal/modules/cjs/loader:1076:32)
    at Function.Module._load (node:internal/modules/cjs/loader:911:12)
2024-01-22 22:09:55 error: uncaughtException: Missing or invalid input: 'options.apis' is required and it should be an array.
Error: Missing or invalid input: 'options.apis' is required and it should be an array.
    at module.exports (D:\project\jubo\node_modules\swagger-jsdoc\src\lib.js:27:11)
    at App.initializeSwagger (D:\project\jubo\apps\backend\src\app.ts:76:31)
    at new App (D:\project\jubo\apps\backend\src\app.ts:29:10)
    at Object.<anonymous> (D:\project\jubo\apps\backend\src\server.ts:9:13)
    at Module._compile (node:internal/modules/cjs/loader:1198:14)
    at Module.m._compile (D:\project\jubo\node_modules\ts-node\src\index.ts:1618:23)
    at Module._extensions..js (node:internal/modules/cjs/loader:1252:10)
    at Object.require.extensions.<computed> [as .ts] (D:\project\jubo\node_modules\ts-node\src\index.ts:1621:12)
    at Module.load (node:internal/modules/cjs/loader:1076:32)
    at Function.Module._load (node:internal/modules/cjs/loader:911:12)
2024-01-22 22:10:06 error: uncaughtException: Missing or invalid input: 'options.apis' is required and it should be an array.
Error: Missing or invalid input: 'options.apis' is required and it should be an array.
    at module.exports (D:\project\jubo\node_modules\swagger-jsdoc\src\lib.js:27:11)
    at App.initializeSwagger (D:\project\jubo\apps\backend\src\app.ts:76:31)
    at new App (D:\project\jubo\apps\backend\src\app.ts:29:10)
    at Object.<anonymous> (D:\project\jubo\apps\backend\src\server.ts:9:13)
    at Module._compile (node:internal/modules/cjs/loader:1198:14)
    at Module.m._compile (D:\project\jubo\node_modules\ts-node\src\index.ts:1618:23)
    at Module._extensions..js (node:internal/modules/cjs/loader:1252:10)
    at Object.require.extensions.<computed> [as .ts] (D:\project\jubo\node_modules\ts-node\src\index.ts:1621:12)
    at Module.load (node:internal/modules/cjs/loader:1076:32)
    at Function.Module._load (node:internal/modules/cjs/loader:911:12)
2024-01-22 22:12:25 error: uncaughtException: Missing or invalid input: 'options.apis' is required and it should be an array.
Error: Missing or invalid input: 'options.apis' is required and it should be an array.
    at module.exports (D:\project\jubo\node_modules\swagger-jsdoc\src\lib.js:27:11)
    at App.initializeSwagger (D:\project\jubo\apps\backend\src\app.ts:76:31)
    at new App (D:\project\jubo\apps\backend\src\app.ts:29:10)
    at Object.<anonymous> (D:\project\jubo\apps\backend\src\server.ts:9:13)
    at Module._compile (node:internal/modules/cjs/loader:1198:14)
    at Module.m._compile (D:\project\jubo\node_modules\ts-node\src\index.ts:1618:23)
    at Module._extensions..js (node:internal/modules/cjs/loader:1252:10)
    at Object.require.extensions.<computed> [as .ts] (D:\project\jubo\node_modules\ts-node\src\index.ts:1621:12)
    at Module.load (node:internal/modules/cjs/loader:1076:32)
    at Function.Module._load (node:internal/modules/cjs/loader:911:12)
2024-01-22 22:12:39 error: uncaughtException: Missing or invalid input: 'options.apis' is required and it should be an array.
Error: Missing or invalid input: 'options.apis' is required and it should be an array.
    at module.exports (D:\project\jubo\node_modules\swagger-jsdoc\src\lib.js:27:11)
    at App.initializeSwagger (D:\project\jubo\apps\backend\src\app.ts:76:31)
    at new App (D:\project\jubo\apps\backend\src\app.ts:29:10)
    at Object.<anonymous> (D:\project\jubo\apps\backend\src\server.ts:9:13)
    at Module._compile (node:internal/modules/cjs/loader:1198:14)
    at Module.m._compile (D:\project\jubo\node_modules\ts-node\src\index.ts:1618:23)
    at Module._extensions..js (node:internal/modules/cjs/loader:1252:10)
    at Object.require.extensions.<computed> [as .ts] (D:\project\jubo\node_modules\ts-node\src\index.ts:1621:12)
    at Module.load (node:internal/modules/cjs/loader:1076:32)
    at Function.Module._load (node:internal/modules/cjs/loader:911:12)
2024-01-22 22:13:05 error: uncaughtException: Missing or invalid input: 'options.apis' is required and it should be an array.
Error: Missing or invalid input: 'options.apis' is required and it should be an array.
    at module.exports (D:\project\jubo\node_modules\swagger-jsdoc\src\lib.js:27:11)
    at App.initializeSwagger (D:\project\jubo\apps\backend\src\app.ts:76:31)
    at new App (D:\project\jubo\apps\backend\src\app.ts:29:10)
    at Object.<anonymous> (D:\project\jubo\apps\backend\src\server.ts:9:13)
    at Module._compile (node:internal/modules/cjs/loader:1198:14)
    at Module.m._compile (D:\project\jubo\node_modules\ts-node\src\index.ts:1618:23)
    at Module._extensions..js (node:internal/modules/cjs/loader:1252:10)
    at Object.require.extensions.<computed> [as .ts] (D:\project\jubo\node_modules\ts-node\src\index.ts:1621:12)
    at Module.load (node:internal/modules/cjs/loader:1076:32)
    at Function.Module._load (node:internal/modules/cjs/loader:911:12)
2024-01-22 22:13:08 error: uncaughtException: Missing or invalid input: 'options.apis' is required and it should be an array.
Error: Missing or invalid input: 'options.apis' is required and it should be an array.
    at module.exports (D:\project\jubo\node_modules\swagger-jsdoc\src\lib.js:27:11)
    at App.initializeSwagger (D:\project\jubo\apps\backend\src\app.ts:76:31)
    at new App (D:\project\jubo\apps\backend\src\app.ts:29:10)
    at Object.<anonymous> (D:\project\jubo\apps\backend\src\server.ts:9:13)
    at Module._compile (node:internal/modules/cjs/loader:1198:14)
    at Module.m._compile (D:\project\jubo\node_modules\ts-node\src\index.ts:1618:23)
    at Module._extensions..js (node:internal/modules/cjs/loader:1252:10)
    at Object.require.extensions.<computed> [as .ts] (D:\project\jubo\node_modules\ts-node\src\index.ts:1621:12)
    at Module.load (node:internal/modules/cjs/loader:1076:32)
    at Function.Module._load (node:internal/modules/cjs/loader:911:12)
2024-01-22 22:15:58 error: uncaughtException: Missing or invalid input: 'options.apis' is required and it should be an array.
Error: Missing or invalid input: 'options.apis' is required and it should be an array.
    at module.exports (D:\project\jubo\node_modules\swagger-jsdoc\src\lib.js:27:11)
    at App.initializeSwagger (D:\project\jubo\apps\backend\src\app.ts:77:31)
    at new App (D:\project\jubo\apps\backend\src\app.ts:29:10)
    at Object.<anonymous> (D:\project\jubo\apps\backend\src\server.ts:9:13)
    at Module._compile (node:internal/modules/cjs/loader:1198:14)
    at Module.m._compile (D:\project\jubo\node_modules\ts-node\src\index.ts:1618:23)
    at Module._extensions..js (node:internal/modules/cjs/loader:1252:10)
    at Object.require.extensions.<computed> [as .ts] (D:\project\jubo\node_modules\ts-node\src\index.ts:1621:12)
    at Module.load (node:internal/modules/cjs/loader:1076:32)
    at Function.Module._load (node:internal/modules/cjs/loader:911:12)
2024-01-22 22:43:56 error: uncaughtException: Cannot read properties of undefined (reading 'schemas')
TypeError: Cannot read properties of undefined (reading 'schemas')
    at organize (D:\project\jubo\node_modules\swagger-jsdoc\src\specification.js:157:32)
    at build (D:\project\jubo\node_modules\swagger-jsdoc\src\specification.js:320:7)
    at module.exports (D:\project\jubo\node_modules\swagger-jsdoc\src\lib.js:32:10)
    at App.initializeSwagger (D:\project\jubo\apps\backend\src\app.ts:76:31)
    at new App (D:\project\jubo\apps\backend\src\app.ts:29:10)
    at Object.<anonymous> (D:\project\jubo\apps\backend\src\server.ts:9:13)
    at Module._compile (node:internal/modules/cjs/loader:1198:14)
    at Module.m._compile (D:\project\jubo\node_modules\ts-node\src\index.ts:1618:23)
    at Module._extensions..js (node:internal/modules/cjs/loader:1252:10)
    at Object.require.extensions.<computed> [as .ts] (D:\project\jubo\node_modules\ts-node\src\index.ts:1621:12)
2024-01-22 22:52:30 error: uncaughtException: Cannot read properties of undefined (reading 'schemas')
TypeError: Cannot read properties of undefined (reading 'schemas')
    at organize (D:\project\jubo\node_modules\swagger-jsdoc\src\specification.js:157:32)
    at build (D:\project\jubo\node_modules\swagger-jsdoc\src\specification.js:320:7)
    at module.exports (D:\project\jubo\node_modules\swagger-jsdoc\src\lib.js:32:10)
    at App.initializeSwagger (D:\project\jubo\apps\backend\src\app.ts:76:31)
    at new App (D:\project\jubo\apps\backend\src\app.ts:29:10)
    at Object.<anonymous> (D:\project\jubo\apps\backend\src\server.ts:9:13)
    at Module._compile (node:internal/modules/cjs/loader:1198:14)
    at Module.m._compile (D:\project\jubo\node_modules\ts-node\src\index.ts:1618:23)
    at Module._extensions..js (node:internal/modules/cjs/loader:1252:10)
    at Object.require.extensions.<computed> [as .ts] (D:\project\jubo\node_modules\ts-node\src\index.ts:1621:12)
