2024-01-22 22:16:25 info: =================================
2024-01-22 22:16:25 info: ======= ENV: development =======
2024-01-22 22:16:25 info: 🚀 App listening on the port 3000
2024-01-22 22:16:25 info: =================================
2024-01-22 22:16:38 info: [0mGET /api-docs/ [36m304[0m 5.902 ms - -[0m
2024-01-22 22:16:38 info: [0mGET /api-docs/swagger-ui.css [36m304[0m 1.845 ms - -[0m
2024-01-22 22:16:38 info: [0mGET /api-docs/swagger-ui-bundle.js [36m304[0m 4.665 ms - -[0m
2024-01-22 22:16:38 info: [0mGET /api-docs/swagger-ui-standalone-preset.js [36m304[0m 5.416 ms - -[0m
2024-01-22 22:16:38 info: [0mGET /api-docs/swagger-ui-init.js [32m200[0m 2.342 ms - -[0m
2024-01-22 22:16:38 info: [0mGET /api-docs/favicon-32x32.png [36m304[0m 0.614 ms - -[0m
2024-01-22 22:16:38 info: [0mGET /api-docs/favicon-32x32.png [36m304[0m 0.664 ms - -[0m
2024-01-22 22:17:36 info: =================================
2024-01-22 22:17:36 info: ======= ENV: development =======
2024-01-22 22:17:36 info: 🚀 App listening on the port 3000
2024-01-22 22:17:36 info: =================================
2024-01-22 22:17:38 info: [0mGET /api-docs/ [36m304[0m 3.988 ms - -[0m
2024-01-22 22:17:38 info: [0mGET /api-docs/swagger-ui.css [36m304[0m 1.341 ms - -[0m
2024-01-22 22:17:38 info: [0mGET /api-docs/swagger-ui-init.js [36m304[0m 0.228 ms - -[0m
2024-01-22 22:17:38 info: [0mGET /api-docs/swagger-ui-bundle.js [36m304[0m 2.323 ms - -[0m
2024-01-22 22:17:38 info: [0mGET /api-docs/swagger-ui-standalone-preset.js [36m304[0m 2.664 ms - -[0m
2024-01-22 22:17:38 info: [0mGET /api-docs/favicon-32x32.png [36m304[0m 0.649 ms - -[0m
2024-01-22 22:17:38 info: [0mGET /api-docs/favicon-32x32.png [36m304[0m 0.504 ms - -[0m
2024-01-22 22:17:40 info: [0mGET /api-docs/ [36m304[0m 0.585 ms - -[0m
2024-01-22 22:17:40 info: [0mGET /api-docs/swagger-ui.css [36m304[0m 0.954 ms - -[0m
2024-01-22 22:17:40 info: [0mGET /api-docs/swagger-ui-init.js [36m304[0m 0.225 ms - -[0m
2024-01-22 22:17:40 info: [0mGET /api-docs/swagger-ui-bundle.js [36m304[0m 2.006 ms - -[0m
2024-01-22 22:17:40 info: [0mGET /api-docs/swagger-ui-standalone-preset.js [36m304[0m 2.096 ms - -[0m
2024-01-22 22:17:40 info: [0mGET /api-docs/favicon-32x32.png [36m304[0m 0.671 ms - -[0m
2024-01-22 22:17:40 info: [0mGET /api-docs/favicon-32x32.png [36m304[0m 0.658 ms - -[0m
2024-01-22 22:17:41 info: [0mGET /api-docs/ [36m304[0m 0.626 ms - -[0m
2024-01-22 22:17:41 info: [0mGET /api-docs/swagger-ui.css [36m304[0m 0.634 ms - -[0m
2024-01-22 22:17:41 info: [0mGET /api-docs/swagger-ui-init.js [36m304[0m 0.408 ms - -[0m
2024-01-22 22:17:41 info: [0mGET /api-docs/swagger-ui-bundle.js [36m304[0m 2.683 ms - -[0m
2024-01-22 22:17:41 info: [0mGET /api-docs/swagger-ui-standalone-preset.js [36m304[0m 2.947 ms - -[0m
2024-01-22 22:17:41 info: [0mGET /api-docs/favicon-32x32.png [36m304[0m 0.664 ms - -[0m
2024-01-22 22:17:41 info: [0mGET /api-docs/favicon-32x32.png [36m304[0m 0.606 ms - -[0m
2024-01-22 22:17:42 info: [0mGET /api-docs/ [36m304[0m 0.535 ms - -[0m
2024-01-22 22:17:42 info: [0mGET /api-docs/swagger-ui.css [36m304[0m 0.565 ms - -[0m
2024-01-22 22:17:42 info: [0mGET /api-docs/swagger-ui-init.js [36m304[0m 0.218 ms - -[0m
2024-01-22 22:17:42 info: [0mGET /api-docs/swagger-ui-bundle.js [36m304[0m 1.801 ms - -[0m
2024-01-22 22:17:42 info: [0mGET /api-docs/swagger-ui-standalone-preset.js [36m304[0m 1.806 ms - -[0m
2024-01-22 22:17:42 info: [0mGET /api-docs/favicon-32x32.png [36m304[0m 0.578 ms - -[0m
2024-01-22 22:17:42 info: [0mGET /api-docs/favicon-32x32.png [36m304[0m 0.465 ms - -[0m
2024-01-22 22:17:43 info: [0mGET /api-docs/ [36m304[0m 0.558 ms - -[0m
2024-01-22 22:17:43 info: [0mGET /api-docs/swagger-ui.css [36m304[0m 0.845 ms - -[0m
2024-01-22 22:17:43 info: [0mGET /api-docs/swagger-ui-init.js [36m304[0m 0.207 ms - -[0m
2024-01-22 22:17:43 info: [0mGET /api-docs/swagger-ui-bundle.js [36m304[0m 1.411 ms - -[0m
2024-01-22 22:17:43 info: [0mGET /api-docs/swagger-ui-standalone-preset.js [36m304[0m 1.545 ms - -[0m
2024-01-22 22:17:43 info: [0mGET /api-docs/favicon-32x32.png [36m304[0m 0.544 ms - -[0m
2024-01-22 22:17:43 info: [0mGET /api-docs/favicon-32x32.png [36m304[0m 0.480 ms - -[0m
2024-01-22 22:17:43 info: [0mGET /api-docs/ [36m304[0m 0.699 ms - -[0m
2024-01-22 22:17:43 info: [0mGET /api-docs/swagger-ui.css [36m304[0m 0.528 ms - -[0m
2024-01-22 22:17:43 info: [0mGET /api-docs/swagger-ui-init.js [36m304[0m 0.205 ms - -[0m
2024-01-22 22:17:43 info: [0mGET /api-docs/swagger-ui-bundle.js [36m304[0m 1.584 ms - -[0m
2024-01-22 22:17:43 info: [0mGET /api-docs/swagger-ui-standalone-preset.js [36m304[0m 1.679 ms - -[0m
2024-01-22 22:17:43 info: [0mGET /api-docs/favicon-32x32.png [36m304[0m 0.784 ms - -[0m
2024-01-22 22:17:43 info: [0mGET /api-docs/favicon-32x32.png [36m304[0m 0.699 ms - -[0m
2024-01-22 22:17:43 info: [0mGET /api-docs/ [36m304[0m 0.824 ms - -[0m
2024-01-22 22:17:43 info: [0mGET /api-docs/swagger-ui.css [36m304[0m 0.815 ms - -[0m
2024-01-22 22:17:43 info: [0mGET /api-docs/swagger-ui-init.js [36m304[0m 0.375 ms - -[0m
2024-01-22 22:17:43 info: [0mGET /api-docs/swagger-ui-bundle.js [36m304[0m 2.329 ms - -[0m
2024-01-22 22:17:43 info: [0mGET /api-docs/swagger-ui-standalone-preset.js [36m304[0m 2.749 ms - -[0m
2024-01-22 22:17:43 info: [0mGET /api-docs/favicon-32x32.png [36m304[0m 0.801 ms - -[0m
2024-01-22 22:17:43 info: [0mGET /api-docs/favicon-32x32.png [36m304[0m 0.585 ms - -[0m
2024-01-22 22:17:43 info: [0mGET /api-docs/ [36m304[0m 0.809 ms - -[0m
2024-01-22 22:17:43 info: [0mGET /api-docs/swagger-ui.css [36m304[0m 0.648 ms - -[0m
2024-01-22 22:17:43 info: [0mGET /api-docs/swagger-ui-init.js [36m304[0m 0.364 ms - -[0m
2024-01-22 22:17:43 info: [0mGET /api-docs/swagger-ui-bundle.js [36m304[0m 2.311 ms - -[0m
2024-01-22 22:17:43 info: [0mGET /api-docs/swagger-ui-standalone-preset.js [36m304[0m 2.998 ms - -[0m
2024-01-22 22:17:43 info: [0mGET /api-docs/favicon-32x32.png [36m304[0m 0.451 ms - -[0m
2024-01-22 22:17:43 info: [0mGET /api-docs/favicon-32x32.png [36m304[0m 0.496 ms - -[0m
2024-01-22 22:17:43 info: [0mGET /api-docs/ [36m304[0m 1.291 ms - -[0m
2024-01-22 22:17:43 info: [0mGET /api-docs/swagger-ui.css [36m304[0m 0.793 ms - -[0m
2024-01-22 22:17:43 info: [0mGET /api-docs/swagger-ui-init.js [36m304[0m 0.182 ms - -[0m
2024-01-22 22:17:43 info: [0mGET /api-docs/swagger-ui-bundle.js [36m304[0m 1.427 ms - -[0m
2024-01-22 22:17:43 info: [0mGET /api-docs/swagger-ui-standalone-preset.js [36m304[0m 1.838 ms - -[0m
2024-01-22 22:17:43 info: [0mGET /api-docs/favicon-32x32.png [36m304[0m 0.768 ms - -[0m
2024-01-22 22:17:43 info: [0mGET /api-docs/favicon-32x32.png [36m304[0m 0.820 ms - -[0m
2024-01-22 22:17:43 info: [0mGET /api-docs/ [36m304[0m 0.833 ms - -[0m
2024-01-22 22:17:43 info: [0mGET /api-docs/swagger-ui-init.js [36m304[0m 0.422 ms - -[0m
2024-01-22 22:17:43 info: [0mGET /api-docs/swagger-ui.css [36m304[0m 2.030 ms - -[0m
2024-01-22 22:17:43 info: [0mGET /api-docs/swagger-ui-bundle.js [36m304[0m 2.283 ms - -[0m
2024-01-22 22:17:43 info: [0mGET /api-docs/swagger-ui-standalone-preset.js [36m304[0m 1.459 ms - -[0m
2024-01-22 22:17:43 info: [0mGET /api-docs/favicon-32x32.png [36m304[0m 0.390 ms - -[0m
2024-01-22 22:17:44 info: [0mGET /api-docs/favicon-32x32.png [36m304[0m 0.464 ms - -[0m
2024-01-22 22:17:44 info: [0mGET /api-docs/ [36m304[0m 0.763 ms - -[0m
2024-01-22 22:17:44 info: [0mGET /api-docs/swagger-ui.css [36m304[0m 0.930 ms - -[0m
2024-01-22 22:17:44 info: [0mGET /api-docs/swagger-ui-init.js [36m304[0m 0.272 ms - -[0m
2024-01-22 22:17:44 info: [0mGET /api-docs/swagger-ui-bundle.js [36m304[0m 1.761 ms - -[0m
2024-01-22 22:17:44 info: [0mGET /api-docs/swagger-ui-standalone-preset.js [36m304[0m 1.844 ms - -[0m
2024-01-22 22:17:44 info: [0mGET /api-docs/favicon-32x32.png [36m304[0m 0.754 ms - -[0m
2024-01-22 22:17:44 info: [0mGET /api-docs/favicon-32x32.png [36m304[0m 0.676 ms - -[0m
2024-01-22 22:20:11 info: =================================
2024-01-22 22:20:11 info: ======= ENV: development =======
2024-01-22 22:20:11 info: 🚀 App listening on the port 3000
2024-01-22 22:20:11 info: =================================
2024-01-22 22:20:17 info: [0mGET /api-docs/ [36m304[0m 4.054 ms - -[0m
2024-01-22 22:20:17 info: [0mGET /api-docs/swagger-ui.css [36m304[0m 1.421 ms - -[0m
2024-01-22 22:20:17 info: [0mGET /api-docs/swagger-ui-bundle.js [36m304[0m 2.949 ms - -[0m
2024-01-22 22:20:17 info: [0mGET /api-docs/swagger-ui-standalone-preset.js [36m304[0m 3.400 ms - -[0m
2024-01-22 22:20:17 info: [0mGET /api-docs/swagger-ui-init.js [32m200[0m 1.415 ms - -[0m
2024-01-22 22:20:17 info: [0mGET /api-docs/favicon-32x32.png [36m304[0m 0.719 ms - -[0m
2024-01-22 22:20:17 info: [0mGET /api-docs/favicon-32x32.png [36m304[0m 0.505 ms - -[0m
2024-01-22 22:20:18 info: [0mGET /api-docs/ [36m304[0m 0.648 ms - -[0m
2024-01-22 22:20:18 info: [0mGET /api-docs/swagger-ui.css [36m304[0m 1.189 ms - -[0m
2024-01-22 22:20:18 info: [0mGET /api-docs/swagger-ui-init.js [36m304[0m 0.338 ms - -[0m
2024-01-22 22:20:18 info: [0mGET /api-docs/swagger-ui-bundle.js [36m304[0m 2.308 ms - -[0m
2024-01-22 22:20:18 info: [0mGET /api-docs/swagger-ui-standalone-preset.js [36m304[0m 2.539 ms - -[0m
2024-01-22 22:20:18 info: [0mGET /api-docs/favicon-32x32.png [36m304[0m 0.812 ms - -[0m
2024-01-22 22:20:18 info: [0mGET /api-docs/favicon-32x32.png [36m304[0m 0.688 ms - -[0m
2024-01-22 22:20:19 info: [0mGET /api-docs/ [36m304[0m 0.638 ms - -[0m
2024-01-22 22:20:19 info: [0mGET /api-docs/swagger-ui.css [36m304[0m 0.769 ms - -[0m
2024-01-22 22:20:19 info: [0mGET /api-docs/swagger-ui-init.js [36m304[0m 0.260 ms - -[0m
2024-01-22 22:20:19 info: [0mGET /api-docs/swagger-ui-bundle.js [36m304[0m 1.764 ms - -[0m
2024-01-22 22:20:19 info: [0mGET /api-docs/swagger-ui-standalone-preset.js [36m304[0m 1.723 ms - -[0m
2024-01-22 22:20:19 info: [0mGET /api-docs/favicon-32x32.png [36m304[0m 0.625 ms - -[0m
2024-01-22 22:20:19 info: [0mGET /api-docs/favicon-32x32.png [36m304[0m 0.724 ms - -[0m
2024-01-22 22:20:27 info: =================================
2024-01-22 22:20:27 info: ======= ENV: development =======
2024-01-22 22:20:27 info: 🚀 App listening on the port 3000
2024-01-22 22:20:27 info: =================================
2024-01-22 22:20:56 info: =================================
2024-01-22 22:20:56 info: ======= ENV: development =======
2024-01-22 22:20:56 info: 🚀 App listening on the port 3000
2024-01-22 22:20:56 info: =================================
2024-01-22 22:21:14 info: =================================
2024-01-22 22:21:14 info: ======= ENV: development =======
2024-01-22 22:21:14 info: 🚀 App listening on the port 3000
2024-01-22 22:21:14 info: =================================
2024-01-22 22:21:17 info: [0mGET /api-docs/ [36m304[0m 3.744 ms - -[0m
2024-01-22 22:21:17 info: [0mGET /api-docs/swagger-ui.css [36m304[0m 1.660 ms - -[0m
2024-01-22 22:21:17 info: [0mGET /api-docs/swagger-ui-bundle.js [36m304[0m 0.614 ms - -[0m
2024-01-22 22:21:17 info: [0mGET /api-docs/swagger-ui-standalone-preset.js [36m304[0m 2.222 ms - -[0m
2024-01-22 22:21:17 info: [0mGET /api-docs/swagger-ui-init.js [32m200[0m 1.410 ms - -[0m
2024-01-22 22:21:17 info: [0mGET /api-docs/favicon-32x32.png [36m304[0m 0.506 ms - -[0m
2024-01-22 22:21:17 info: [0mGET /api-docs/favicon-32x32.png [36m304[0m 0.437 ms - -[0m
2024-01-22 22:26:06 info: =================================
2024-01-22 22:26:06 info: ======= ENV: development =======
2024-01-22 22:26:06 info: 🚀 App listening on the port 3000
2024-01-22 22:26:06 info: =================================
2024-01-22 22:26:13 info: =================================
2024-01-22 22:26:13 info: ======= ENV: development =======
2024-01-22 22:26:13 info: 🚀 App listening on the port 3000
2024-01-22 22:26:13 info: =================================
2024-01-22 22:32:36 info: =================================
2024-01-22 22:32:36 info: ======= ENV: development =======
2024-01-22 22:32:36 info: 🚀 App listening on the port 3000
2024-01-22 22:32:36 info: =================================
2024-01-22 22:32:43 info: [0mGET /api-docs/ [36m304[0m 4.229 ms - -[0m
2024-01-22 22:32:43 info: [0mGET /api-docs/swagger-ui.css [36m304[0m 1.261 ms - -[0m
2024-01-22 22:32:43 info: [0mGET /api-docs/swagger-ui-bundle.js [36m304[0m 1.746 ms - -[0m
2024-01-22 22:32:43 info: [0mGET /api-docs/swagger-ui-standalone-preset.js [36m304[0m 2.454 ms - -[0m
2024-01-22 22:32:43 info: [0mGET /api-docs/swagger-ui-init.js [32m200[0m 1.238 ms - -[0m
2024-01-22 22:32:44 info: [0mGET /api-docs/favicon-32x32.png [36m304[0m 0.440 ms - -[0m
2024-01-22 22:32:44 info: [0mGET /api-docs/favicon-32x32.png [36m304[0m 0.539 ms - -[0m
2024-01-22 22:32:57 info: =================================
2024-01-22 22:32:57 info: ======= ENV: development =======
2024-01-22 22:32:57 info: 🚀 App listening on the port 3000
2024-01-22 22:32:57 info: =================================
2024-01-22 22:33:03 info: [0mGET /api-docs/ [36m304[0m 3.630 ms - -[0m
2024-01-22 22:33:03 info: [0mGET /api-docs/swagger-ui.css [36m304[0m 1.839 ms - -[0m
2024-01-22 22:33:03 info: [0mGET /api-docs/swagger-ui-init.js [36m304[0m 0.256 ms - -[0m
2024-01-22 22:33:03 info: [0mGET /api-docs/swagger-ui-bundle.js [36m304[0m 2.102 ms - -[0m
2024-01-22 22:33:03 info: [0mGET /api-docs/swagger-ui-standalone-preset.js [36m304[0m 2.246 ms - -[0m
2024-01-22 22:33:03 info: [0mGET /api-docs/favicon-32x32.png [36m304[0m 0.462 ms - -[0m
2024-01-22 22:33:03 info: [0mGET /api-docs/favicon-32x32.png [36m304[0m 0.878 ms - -[0m
2024-01-22 22:35:59 info: [0mGET /api-docs/ [36m304[0m 0.768 ms - -[0m
2024-01-22 22:35:59 info: [0mGET /api-docs/swagger-ui.css [36m304[0m 0.721 ms - -[0m
2024-01-22 22:35:59 info: [0mGET /api-docs/swagger-ui-init.js [36m304[0m 0.422 ms - -[0m
2024-01-22 22:35:59 info: [0mGET /api-docs/swagger-ui-bundle.js [36m304[0m 2.773 ms - -[0m
2024-01-22 22:35:59 info: [0mGET /api-docs/swagger-ui-standalone-preset.js [36m304[0m 2.735 ms - -[0m
2024-01-22 22:35:59 info: [0mGET /api-docs/favicon-32x32.png [36m304[0m 0.692 ms - -[0m
2024-01-22 22:35:59 info: [0mGET /api-docs/favicon-32x32.png [36m304[0m 0.576 ms - -[0m
2024-01-22 22:36:34 info: [0mGET /api-docs/ [36m304[0m 0.882 ms - -[0m
2024-01-22 22:36:34 info: [0mGET /api-docs/swagger-ui.css [36m304[0m 0.873 ms - -[0m
2024-01-22 22:36:34 info: [0mGET /api-docs/swagger-ui-init.js [36m304[0m 0.717 ms - -[0m
2024-01-22 22:36:34 info: [0mGET /api-docs/swagger-ui-bundle.js [36m304[0m 1.024 ms - -[0m
2024-01-22 22:36:34 info: [0mGET /api-docs/swagger-ui-standalone-preset.js [36m304[0m 1.119 ms - -[0m
2024-01-22 22:36:34 info: [0mGET /api-docs/favicon-32x32.png [36m304[0m 0.552 ms - -[0m
2024-01-22 22:36:34 info: [0mGET /api-docs/favicon-32x32.png [36m304[0m 0.514 ms - -[0m
2024-01-22 22:36:36 info: [0mGET /api-docs/ [36m304[0m 0.759 ms - -[0m
2024-01-22 22:36:36 info: [0mGET /api-docs/swagger-ui.css [36m304[0m 1.505 ms - -[0m
2024-01-22 22:36:36 info: [0mGET /api-docs/swagger-ui-init.js [36m304[0m 0.342 ms - -[0m
2024-01-22 22:36:36 info: [0mGET /api-docs/swagger-ui-bundle.js [36m304[0m 1.938 ms - -[0m
2024-01-22 22:36:36 info: [0mGET /api-docs/swagger-ui-standalone-preset.js [36m304[0m 2.195 ms - -[0m
2024-01-22 22:36:36 info: [0mGET /api-docs/favicon-32x32.png [36m304[0m 0.455 ms - -[0m
2024-01-22 22:36:36 info: [0mGET /api-docs/favicon-32x32.png [36m304[0m 0.540 ms - -[0m
2024-01-22 22:38:24 info: [0mGET /api-docs/ [32m200[0m 2.126 ms - -[0m
2024-01-22 22:38:24 info: [0mGET /api-docs/swagger-ui-init.js [32m200[0m 0.516 ms - -[0m
2024-01-22 22:38:24 info: [0mGET /api-docs/swagger-ui.css [32m200[0m 11.736 ms - -[0m
2024-01-22 22:38:24 info: [0mGET /api-docs/swagger-ui-bundle.js [32m200[0m 3.371 ms - -[0m
2024-01-22 22:38:24 info: [0mGET /api-docs/swagger-ui-standalone-preset.js [32m200[0m 42.190 ms - -[0m
2024-01-22 22:38:24 info: [0mGET /api-docs/favicon-32x32.png [32m200[0m 4.456 ms - 628[0m
2024-01-22 22:38:24 info: [0mGET /api-docs/favicon-32x32.png [36m304[0m 0.769 ms - -[0m
2024-01-22 22:40:48 info: [0mGET /api-docs/ [36m304[0m 0.751 ms - -[0m
2024-01-22 22:40:48 info: [0mGET /api-docs/swagger-ui.css [36m304[0m 0.498 ms - -[0m
2024-01-22 22:40:48 info: [0mGET /api-docs/swagger-ui-init.js [36m304[0m 0.304 ms - -[0m
2024-01-22 22:40:48 info: [0mGET /api-docs/swagger-ui-bundle.js [36m304[0m 2.210 ms - -[0m
2024-01-22 22:40:48 info: [0mGET /api-docs/swagger-ui-standalone-preset.js [36m304[0m 2.515 ms - -[0m
2024-01-22 22:40:48 info: [0mGET /api-docs/favicon-32x32.png [36m304[0m 0.552 ms - -[0m
2024-01-22 22:40:48 info: [0mGET /api-docs/favicon-32x32.png [36m304[0m 0.991 ms - -[0m
2024-01-22 22:41:08 info: [0mGET /api-docs/ [36m304[0m 0.599 ms - -[0m
2024-01-22 22:41:09 info: [0mGET /api-docs/swagger-ui.css [36m304[0m 0.865 ms - -[0m
2024-01-22 22:41:09 info: [0mGET /api-docs/swagger-ui-init.js [36m304[0m 0.232 ms - -[0m
2024-01-22 22:41:09 info: [0mGET /api-docs/swagger-ui-bundle.js [36m304[0m 2.171 ms - -[0m
2024-01-22 22:41:09 info: [0mGET /api-docs/swagger-ui-standalone-preset.js [36m304[0m 2.369 ms - -[0m
2024-01-22 22:41:09 info: [0mGET /api-docs/favicon-32x32.png [36m304[0m 0.435 ms - -[0m
2024-01-22 22:41:09 info: [0mGET /api-docs/favicon-32x32.png [36m304[0m 1.116 ms - -[0m
2024-01-22 22:41:34 info: [0mGET /api-docs/ [36m304[0m 0.540 ms - -[0m
2024-01-22 22:41:34 info: [0mGET /api-docs/swagger-ui.css [36m304[0m 0.560 ms - -[0m
2024-01-22 22:41:34 info: [0mGET /api-docs/swagger-ui-init.js [36m304[0m 0.210 ms - -[0m
2024-01-22 22:41:34 info: [0mGET /api-docs/swagger-ui-bundle.js [36m304[0m 1.569 ms - -[0m
2024-01-22 22:41:34 info: [0mGET /api-docs/swagger-ui-standalone-preset.js [36m304[0m 1.525 ms - -[0m
2024-01-22 22:41:34 info: [0mGET /api-docs/favicon-32x32.png [36m304[0m 0.563 ms - -[0m
2024-01-22 22:41:34 info: [0mGET /api-docs/favicon-32x32.png [36m304[0m 0.471 ms - -[0m
2024-01-22 22:42:15 info: [0mGET /api-docs/ [36m304[0m 0.611 ms - -[0m
2024-01-22 22:42:15 info: [0mGET /api-docs/swagger-ui.css [36m304[0m 0.516 ms - -[0m
2024-01-22 22:42:15 info: [0mGET /api-docs/swagger-ui-init.js [36m304[0m 0.232 ms - -[0m
2024-01-22 22:42:15 info: [0mGET /api-docs/swagger-ui-bundle.js [36m304[0m 2.079 ms - -[0m
2024-01-22 22:42:15 info: [0mGET /api-docs/swagger-ui-standalone-preset.js [36m304[0m 2.232 ms - -[0m
2024-01-22 22:42:15 info: [0mGET /api-docs/favicon-32x32.png [36m304[0m 0.522 ms - -[0m
2024-01-22 22:42:15 info: [0mGET /api-docs/favicon-32x32.png [36m304[0m 0.549 ms - -[0m
2024-01-22 22:42:37 info: [0mGET /api-docs/ [36m304[0m 0.538 ms - -[0m
2024-01-22 22:42:37 info: [0mGET /api-docs/swagger-ui.css [36m304[0m 0.524 ms - -[0m
2024-01-22 22:42:37 info: [0mGET /api-docs/swagger-ui-bundle.js [36m304[0m 0.654 ms - -[0m
2024-01-22 22:42:37 info: [0mGET /api-docs/swagger-ui-init.js [36m304[0m 0.268 ms - -[0m
2024-01-22 22:42:37 info: [0mGET /api-docs/swagger-ui-standalone-preset.js [36m304[0m 2.793 ms - -[0m
2024-01-22 22:42:37 info: [0mGET /api-docs/favicon-32x32.png [36m304[0m 0.531 ms - -[0m
2024-01-22 22:42:37 info: [0mGET /api-docs/favicon-32x32.png [36m304[0m 0.587 ms - -[0m
2024-01-22 22:42:43 info: [0mGET /api-docs/ [36m304[0m 1.051 ms - -[0m
2024-01-22 22:42:43 info: [0mGET /api-docs/swagger-ui-init.js [36m304[0m 0.344 ms - -[0m
2024-01-22 22:42:43 info: [0mGET /api-docs/swagger-ui.css [36m304[0m 3.033 ms - -[0m
2024-01-22 22:42:43 info: [0mGET /api-docs/swagger-ui-bundle.js [36m304[0m 2.871 ms - -[0m
2024-01-22 22:42:43 info: [0mGET /api-docs/swagger-ui-standalone-preset.js [36m304[0m 2.604 ms - -[0m
2024-01-22 22:42:43 info: [0mGET /api-docs/favicon-32x32.png [36m304[0m 0.704 ms - -[0m
2024-01-22 22:42:43 info: [0mGET /api-docs/favicon-32x32.png [36m304[0m 0.670 ms - -[0m
2024-01-22 22:43:01 info: [0mGET /api-docs/ [36m304[0m 1.120 ms - -[0m
2024-01-22 22:43:01 info: [0mGET /api-docs/swagger-ui.css [36m304[0m 0.496 ms - -[0m
2024-01-22 22:43:01 info: [0mGET /api-docs/swagger-ui-init.js [36m304[0m 0.241 ms - -[0m
2024-01-22 22:43:01 info: [0mGET /api-docs/swagger-ui-bundle.js [36m304[0m 1.953 ms - -[0m
2024-01-22 22:43:01 info: [0mGET /api-docs/swagger-ui-standalone-preset.js [36m304[0m 2.280 ms - -[0m
2024-01-22 22:43:01 info: [0mGET /api-docs/favicon-32x32.png [36m304[0m 0.544 ms - -[0m
2024-01-22 22:43:01 info: [0mGET /api-docs/favicon-32x32.png [36m304[0m 0.584 ms - -[0m
2024-01-22 22:43:29 info: [0mGET /api-docs/ [36m304[0m 0.760 ms - -[0m
2024-01-22 22:43:29 info: [0mGET /api-docs/swagger-ui.css [36m304[0m 0.818 ms - -[0m
2024-01-22 22:43:29 info: [0mGET /api-docs/swagger-ui-init.js [36m304[0m 0.199 ms - -[0m
2024-01-22 22:43:29 info: [0mGET /api-docs/swagger-ui-bundle.js [36m304[0m 1.310 ms - -[0m
2024-01-22 22:43:29 info: [0mGET /api-docs/swagger-ui-standalone-preset.js [36m304[0m 1.374 ms - -[0m
2024-01-22 22:43:29 info: [0mGET /api-docs/favicon-32x32.png [36m304[0m 0.451 ms - -[0m
2024-01-22 22:43:29 info: [0mGET /api-docs/favicon-32x32.png [36m304[0m 0.496 ms - -[0m
2024-01-22 22:53:01 info: =================================
2024-01-22 22:53:01 info: ======= ENV: development =======
2024-01-22 22:53:01 info: 🚀 App listening on the port 3000
2024-01-22 22:53:01 info: =================================
2024-01-22 22:53:06 info: [0mGET /api-docs/ [32m200[0m 5.656 ms - -[0m
2024-01-22 22:53:06 info: [0mGET /api-docs/swagger-ui.css [36m304[0m 1.307 ms - -[0m
2024-01-22 22:53:06 info: [0mGET /api-docs/swagger-ui-bundle.js [36m304[0m 1.341 ms - -[0m
2024-01-22 22:53:06 info: [0mGET /api-docs/swagger-ui-standalone-preset.js [36m304[0m 1.365 ms - -[0m
2024-01-22 22:53:06 info: [0mGET /api-docs/swagger-ui-init.js [32m200[0m 0.610 ms - -[0m
2024-01-22 22:53:07 info: [0mGET /api-docs/favicon-32x32.png [36m304[0m 0.631 ms - -[0m
2024-01-22 22:53:07 info: [0mGET /api-docs/favicon-32x32.png [36m304[0m 0.484 ms - -[0m
